/sessions/peaceful-ecstatic-darwin/.local/lib/python3.10/site-packages/anndata/_core/anndata.py:381: FutureWarning: The dtype argument is deprecated and will be removed in late 2024.
/sessions/peaceful-ecstatic-darwin/.local/lib/python3.10/site-packages/liana/method/_pipe_utils/_pre.py:308: ImplicitModificationWarning: Trying to modify attribute `.obs` of view, initializing view as actual.
/sessions/peaceful-ecstatic-darwin/.local/lib/python3.10/site-packages/liana/method/_pipe_utils/_pre.py:168: FutureWarning: The default of observed=False is deprecated and will be changed to True in a future version of pandas. Pass observed=False to retain current behavior or observed=True to adopt the future default and silence this warning.
/usr/lib/python3.10/functools.py:889: UserWarning: zero-centering a sparse array/matrix densifies it.
/sessions/peaceful-ecstatic-darwin/.local/lib/python3.10/site-packages/liana/method/sc/_liana_pipe.py:288: ImplicitModificationWarning: Setting element `.layers['scaled']` of view, initializing view as actual.
maxp pruned
cmap pruned
kern dropped
post pruned
FFTM dropped
GPOS pruned
GSUB pruned
glyf pruned
Added gid0 to subset
Added first four glyphs to subset
Closing glyph list over 'GSUB': 53 glyphs before
Glyph names: ['.notdef', '.null', 'A', 'D', 'E', 'G', 'H', 'L', 'M', 'O', 'P', 'R', 'S', 'T', 'U', 'W', 'a', 'ampersand', 'b', 'c', 'comma', 'd', 'e', 'eight', 'equal', 'f', 'five', 'g', 'h', 'hyphen', 'i', 'l', 'm', 'n', 'nine', 'nonmarkingreturn', 'o', 'one', 'p', 'parenleft', 'parenright', 'period', 'plus', 'r', 's', 'space', 't', 'three', 'two', 'u', 'v', 'y', 'zero']
Glyph IDs:   [0, 1, 2, 3, 9, 11, 12, 14, 15, 16, 17, 19, 20, 21, 22, 24, 27, 28, 32, 36, 39, 40, 42, 43, 47, 48, 50, 51, 53, 54, 55, 56, 58, 68, 69, 70, 71, 72, 73, 74, 75, 76, 79, 80, 81, 82, 83, 85, 86, 87, 88, 89, 92]
Closed glyph list over 'GSUB': 58 glyphs after
Glyph names: ['.notdef', '.null', 'A', 'D', 'E', 'G', 'H', 'L', 'M', 'O', 'P', 'R', 'S', 'T', 'U', 'W', 'a', 'ampersand', 'b', 'c', 'comma', 'd', 'e', 'eight', 'equal', 'f', 'fi', 'five', 'fl', 'g', 'h', 'hyphen', 'i', 'l', 'm', 'n', 'nine', 'nonmarkingreturn', 'o', 'one', 'p', 'parenleft', 'parenright', 'period', 'plus', 'r', 's', 'space', 't', 'three', 'two', 'u', 'uniFB00', 'uniFB03', 'uniFB04', 'v', 'y', 'zero']
Glyph IDs:   [0, 1, 2, 3, 9, 11, 12, 14, 15, 16, 17, 19, 20, 21, 22, 24, 27, 28, 32, 36, 39, 40, 42, 43, 47, 48, 50, 51, 53, 54, 55, 56, 58, 68, 69, 70, 71, 72, 73, 74, 75, 76, 79, 80, 81, 82, 83, 85, 86, 87, 88, 89, 92, 5034, 5035, 5036, 5037, 5038]
Closing glyph list over 'glyf': 58 glyphs before
Glyph names: ['.notdef', '.null', 'A', 'D', 'E', 'G', 'H', 'L', 'M', 'O', 'P', 'R', 'S', 'T', 'U', 'W', 'a', 'ampersand', 'b', 'c', 'comma', 'd', 'e', 'eight', 'equal', 'f', 'fi', 'five', 'fl', 'g', 'h', 'hyphen', 'i', 'l', 'm', 'n', 'nine', 'nonmarkingreturn', 'o', 'one', 'p', 'parenleft', 'parenright', 'period', 'plus', 'r', 's', 'space', 't', 'three', 'two', 'u', 'uniFB00', 'uniFB03', 'uniFB04', 'v', 'y', 'zero']
Glyph IDs:   [0, 1, 2, 3, 9, 11, 12, 14, 15, 16, 17, 19, 20, 21, 22, 24, 27, 28, 32, 36, 39, 40, 42, 43, 47, 48, 50, 51, 53, 54, 55, 56, 58, 68, 69, 70, 71, 72, 73, 74, 75, 76, 79, 80, 81, 82, 83, 85, 86, 87, 88, 89, 92, 5034, 5035, 5036, 5037, 5038]
Closed glyph list over 'glyf': 58 glyphs after
Glyph names: ['.notdef', '.null', 'A', 'D', 'E', 'G', 'H', 'L', 'M', 'O', 'P', 'R', 'S', 'T', 'U', 'W', 'a', 'ampersand', 'b', 'c', 'comma', 'd', 'e', 'eight', 'equal', 'f', 'fi', 'five', 'fl', 'g', 'h', 'hyphen', 'i', 'l', 'm', 'n', 'nine', 'nonmarkingreturn', 'o', 'one', 'p', 'parenleft', 'parenright', 'period', 'plus', 'r', 's', 'space', 't', 'three', 'two', 'u', 'uniFB00', 'uniFB03', 'uniFB04', 'v', 'y', 'zero']
Glyph IDs:   [0, 1, 2, 3, 9, 11, 12, 14, 15, 16, 17, 19, 20, 21, 22, 24, 27, 28, 32, 36, 39, 40, 42, 43, 47, 48, 50, 51, 53, 54, 55, 56, 58, 68, 69, 70, 71, 72, 73, 74, 75, 76, 79, 80, 81, 82, 83, 85, 86, 87, 88, 89, 92, 5034, 5035, 5036, 5037, 5038]
Retaining 58 glyphs
head subsetting not needed
hhea subsetting not needed
maxp subsetting not needed
OS/2 subsetting not needed
hmtx subsetted
cmap subsetted
fpgm subsetting not needed
prep subsetting not needed
cvt  subsetting not needed
loca subsetting not needed
post subsetted
gasp subsetting not needed
GDEF subsetted
GPOS subsetted
GSUB subsetted
name subsetting not needed
glyf subsetted
head pruned
OS/2 Unicode ranges pruned: [0]
OS/2 CodePage ranges pruned: [0]
glyf pruned
GDEF pruned
GPOS pruned
GSUB pruned
name pruned
maxp pruned
cmap pruned
kern dropped
post pruned
FFTM dropped
GPOS pruned
GSUB pruned
glyf pruned
Added gid0 to subset
Added first four glyphs to subset
Closing glyph list over 'MATH': 61 glyphs before
Glyph names: ['.notdef', '.null', 'A', 'B', 'C', 'D', 'E', 'F', 'G', 'H', 'I', 'K', 'L', 'M', 'N', 'P', 'R', 'S', 'T', 'a', 'b', 'c', 'd', 'e', 'eight', 'equal', 'five', 'four', 'g', 'greater', 'h', 'hyphen', 'i', 'k', 'l', 'less', 'm', 'n', 'nine', 'nonmarkingreturn', 'o', 'one', 'p', 'parenleft', 'parenright', 'period', 'plus', 'r', 's', 'seven', 'six', 'slash', 'space', 't', 'three', 'two', 'u', 'underscore', 'x', 'y', 'zero']
Glyph IDs:   [0, 1, 2, 3, 11, 12, 14, 16, 17, 18, 19, 20, 21, 22, 23, 24, 25, 26, 27, 28, 31, 32, 33, 36, 37, 38, 39, 40, 41, 42, 43, 44, 46, 47, 48, 49, 51, 53, 54, 55, 66, 68, 69, 70, 71, 72, 74, 75, 76, 78, 79, 80, 81, 82, 83, 85, 86, 87, 88, 91, 92]
Closed glyph list over 'MATH': 67 glyphs after
Glyph names: ['.notdef', '.null', 'A', 'B', 'C', 'D', 'E', 'F', 'G', 'H', 'I', 'K', 'L', 'M', 'N', 'P', 'R', 'S', 'T', 'a', 'b', 'c', 'd', 'e', 'eight', 'equal', 'five', 'four', 'g', 'greater', 'h', 'hyphen', 'i', 'k', 'l', 'less', 'm', 'n', 'nine', 'nonmarkingreturn', 'o', 'one', 'p', 'parenleft', 'parenright', 'period', 'plus', 'r', 's', 'seven', 'six', 'slash', 'space', 't', 'three', 'two', 'u', 'underscore', 'uni239B', 'uni239C', 'uni239D', 'uni239E', 'uni239F', 'uni23A0', 'x', 'y', 'zero']
Glyph IDs:   [0, 1, 2, 3, 11, 12, 14, 16, 17, 18, 19, 20, 21, 22, 23, 24, 25, 26, 27, 28, 31, 32, 33, 36, 37, 38, 39, 40, 41, 42, 43, 44, 46, 47, 48, 49, 51, 53, 54, 55, 66, 68, 69, 70, 71, 72, 74, 75, 76, 78, 79, 80, 81, 82, 83, 85, 86, 87, 88, 91, 92, 3506, 3507, 3508, 3509, 3510, 3511]
Closing glyph list over 'GSUB': 67 glyphs before
Glyph names: ['.notdef', '.null', 'A', 'B', 'C', 'D', 'E', 'F', 'G', 'H', 'I', 'K', 'L', 'M', 'N', 'P', 'R', 'S', 'T', 'a', 'b', 'c', 'd', 'e', 'eight', 'equal', 'five', 'four', 'g', 'greater', 'h', 'hyphen', 'i', 'k', 'l', 'less', 'm', 'n', 'nine', 'nonmarkingreturn', 'o', 'one', 'p', 'parenleft', 'parenright', 'period', 'plus', 'r', 's', 'seven', 'six', 'slash', 'space', 't', 'three', 'two', 'u', 'underscore', 'uni239B', 'uni239C', 'uni239D', 'uni239E', 'uni239F', 'uni23A0', 'x', 'y', 'zero']
Glyph IDs:   [0, 1, 2, 3, 11, 12, 14, 16, 17, 18, 19, 20, 21, 22, 23, 24, 25, 26, 27, 28, 31, 32, 33, 36, 37, 38, 39, 40, 41, 42, 43, 44, 46, 47, 48, 49, 51, 53, 54, 55, 66, 68, 69, 70, 71, 72, 74, 75, 76, 78, 79, 80, 81, 82, 83, 85, 86, 87, 88, 91, 92, 3506, 3507, 3508, 3509, 3510, 3511]
Closed glyph list over 'GSUB': 67 glyphs after
Glyph names: ['.notdef', '.null', 'A', 'B', 'C', 'D', 'E', 'F', 'G', 'H', 'I', 'K', 'L', 'M', 'N', 'P', 'R', 'S', 'T', 'a', 'b', 'c', 'd', 'e', 'eight', 'equal', 'five', 'four', 'g', 'greater', 'h', 'hyphen', 'i', 'k', 'l', 'less', 'm', 'n', 'nine', 'nonmarkingreturn', 'o', 'one', 'p', 'parenleft', 'parenright', 'period', 'plus', 'r', 's', 'seven', 'six', 'slash', 'space', 't', 'three', 'two', 'u', 'underscore', 'uni239B', 'uni239C', 'uni239D', 'uni239E', 'uni239F', 'uni23A0', 'x', 'y', 'zero']
Glyph IDs:   [0, 1, 2, 3, 11, 12, 14, 16, 17, 18, 19, 20, 21, 22, 23, 24, 25, 26, 27, 28, 31, 32, 33, 36, 37, 38, 39, 40, 41, 42, 43, 44, 46, 47, 48, 49, 51, 53, 54, 55, 66, 68, 69, 70, 71, 72, 74, 75, 76, 78, 79, 80, 81, 82, 83, 85, 86, 87, 88, 91, 92, 3506, 3507, 3508, 3509, 3510, 3511]
Closing glyph list over 'glyf': 67 glyphs before
Glyph names: ['.notdef', '.null', 'A', 'B', 'C', 'D', 'E', 'F', 'G', 'H', 'I', 'K', 'L', 'M', 'N', 'P', 'R', 'S', 'T', 'a', 'b', 'c', 'd', 'e', 'eight', 'equal', 'five', 'four', 'g', 'greater', 'h', 'hyphen', 'i', 'k', 'l', 'less', 'm', 'n', 'nine', 'nonmarkingreturn', 'o', 'one', 'p', 'parenleft', 'parenright', 'period', 'plus', 'r', 's', 'seven', 'six', 'slash', 'space', 't', 'three', 'two', 'u', 'underscore', 'uni239B', 'uni239C', 'uni239D', 'uni239E', 'uni239F', 'uni23A0', 'x', 'y', 'zero']
Glyph IDs:   [0, 1, 2, 3, 11, 12, 14, 16, 17, 18, 19, 20, 21, 22, 23, 24, 25, 26, 27, 28, 31, 32, 33, 36, 37, 38, 39, 40, 41, 42, 43, 44, 46, 47, 48, 49, 51, 53, 54, 55, 66, 68, 69, 70, 71, 72, 74, 75, 76, 78, 79, 80, 81, 82, 83, 85, 86, 87, 88, 91, 92, 3506, 3507, 3508, 3509, 3510, 3511]
Closed glyph list over 'glyf': 67 glyphs after
Glyph names: ['.notdef', '.null', 'A', 'B', 'C', 'D', 'E', 'F', 'G', 'H', 'I', 'K', 'L', 'M', 'N', 'P', 'R', 'S', 'T', 'a', 'b', 'c', 'd', 'e', 'eight', 'equal', 'five', 'four', 'g', 'greater', 'h', 'hyphen', 'i', 'k', 'l', 'less', 'm', 'n', 'nine', 'nonmarkingreturn', 'o', 'one', 'p', 'parenleft', 'parenright', 'period', 'plus', 'r', 's', 'seven', 'six', 'slash', 'space', 't', 'three', 'two', 'u', 'underscore', 'uni239B', 'uni239C', 'uni239D', 'uni239E', 'uni239F', 'uni23A0', 'x', 'y', 'zero']
Glyph IDs:   [0, 1, 2, 3, 11, 12, 14, 16, 17, 18, 19, 20, 21, 22, 23, 24, 25, 26, 27, 28, 31, 32, 33, 36, 37, 38, 39, 40, 41, 42, 43, 44, 46, 47, 48, 49, 51, 53, 54, 55, 66, 68, 69, 70, 71, 72, 74, 75, 76, 78, 79, 80, 81, 82, 83, 85, 86, 87, 88, 91, 92, 3506, 3507, 3508, 3509, 3510, 3511]
Retaining 67 glyphs
head subsetting not needed
hhea subsetting not needed
maxp subsetting not needed
OS/2 subsetting not needed
hmtx subsetted
cmap subsetted
fpgm subsetting not needed
prep subsetting not needed
cvt  subsetting not needed
loca subsetting not needed
post subsetted
gasp subsetting not needed
MATH subsetted
GDEF subsetted
GPOS subsetted
GSUB subsetted
name subsetting not needed
glyf subsetted
head pruned
OS/2 Unicode ranges pruned: [0]
OS/2 CodePage ranges pruned: [0]
glyf pruned
GDEF pruned
GPOS pruned
GSUB pruned
name pruned
liana subsample cells: 2988 genes: 1899
liana saved: results/06_liana_phlda3hi_TUMOR.csv rows: 40
saved: results/06_singlecell_deep.svg/.pdf/.tiff/.png
done 06b
